C:\Program Files (x86)\Microsoft Visual Studio\2019\Community\MSBuild\Microsoft\VC\v160\Microsoft.CppBuild.targets(459,5): warning MSB8028: The intermediate directory (Debug\) contains files shared from another project (BreakoutGame.vcxproj).  This can lead to incorrect clean and rebuild behavior.
Shader.obj : error LNK2001: 无法解析的外部符号 __imp____glewAttachShader
Shader.obj : error LNK2001: 无法解析的外部符号 __imp____glewCompileShader
Shader.obj : error LNK2001: 无法解析的外部符号 __imp____glewCreateProgram
Shader.obj : error LNK2001: 无法解析的外部符号 __imp____glewCreateShader
Shader.obj : error LNK2001: 无法解析的外部符号 __imp____glewDeleteShader
Shader.obj : error LNK2001: 无法解析的外部符号 __imp____glewGetProgramInfoLog
Shader.obj : error LNK2001: 无法解析的外部符号 __imp____glewGetProgramiv
Shader.obj : error LNK2001: 无法解析的外部符号 __imp____glewGetShaderInfoLog
Shader.obj : error LNK2001: 无法解析的外部符号 __imp____glewGetShaderiv
Shader.obj : error LNK2001: 无法解析的外部符号 __imp____glewGetUniformLocation
Shader.obj : error LNK2001: 无法解析的外部符号 __imp____glewLinkProgram
Shader.obj : error LNK2001: 无法解析的外部符号 __imp____glewShaderSource
Shader.obj : error LNK2001: 无法解析的外部符号 __imp____glewUniform1f
Shader.obj : error LNK2001: 无法解析的外部符号 __imp____glewUniform1i
Shader.obj : error LNK2001: 无法解析的外部符号 __imp____glewUniform2f
Shader.obj : error LNK2001: 无法解析的外部符号 __imp____glewUniform3f
Shader.obj : error LNK2001: 无法解析的外部符号 __imp____glewUniform4f
Shader.obj : error LNK2001: 无法解析的外部符号 __imp____glewUniformMatrix4fv
Shader.obj : error LNK2001: 无法解析的外部符号 __imp____glewUseProgram
E:\学习OpenGL\Game\Game\BreakoutGame\Debug\Project1.exe : fatal error LNK1120: 19 个无法解析的外部命令
